app/build/intermediates/manifest_merge_blame_file/debug/manifest-merger-blame-debug-report.txt
1<?xml version="1.0" encoding="utf-8"?>
2<manifest xmlns:android="http://schemas.android.com/apk/res/android"
3    package="com.jingchen.pulltorefresh"
4    android:versionCode="1"
5    android:versionName="1.0" >
6
7    <uses-sdk
8        android:minSdkVersion="8"
8-->src/main/AndroidManifest.xml
9        android:targetSdkVersion="18" />
9-->src/main/AndroidManifest.xml
10
11    <uses-permission android:name="android.permission.INTERNET" />
11-->src/main/AndroidManifest.xml:7:5-67
11-->src/main/AndroidManifest.xml:7:22-64
12
13    <application
13-->src/main/AndroidManifest.xml:9:5-36:19
14        android:allowBackup="true"
14-->src/main/AndroidManifest.xml:10:9-35
15        android:debuggable="true"
16        android:icon="@drawable/ic_launcher"
16-->src/main/AndroidManifest.xml:11:9-45
17        android:label="@string/app_name"
17-->src/main/AndroidManifest.xml:12:9-41
18        android:testOnly="true" >
19        <activity
19-->src/main/AndroidManifest.xml:13:9-21:20
20            android:name="com.jingchen.pulltorefresh.MainActivity"
20-->src/main/AndroidManifest.xml:14:13-67
21            android:label="@string/app_name" >
21-->src/main/AndroidManifest.xml:15:13-45
22            <intent-filter>
22-->src/main/AndroidManifest.xml:16:13-20:29
23                <action android:name="android.intent.action.MAIN" />
23-->src/main/AndroidManifest.xml:17:17-69
23-->src/main/AndroidManifest.xml:17:25-66
24
25                <category android:name="android.intent.category.LAUNCHER" />
25-->src/main/AndroidManifest.xml:19:17-77
25-->src/main/AndroidManifest.xml:19:27-74
26            </intent-filter>
27        </activity>
28        <activity android:name="com.jingchen.pulltorefresh.activity.PullableExpandableListViewActivity" >
28-->src/main/AndroidManifest.xml:22:9-23:20
28-->src/main/AndroidManifest.xml:22:19-104
29        </activity>
30        <activity android:name="com.jingchen.pulltorefresh.activity.PullableGridViewActivity" >
30-->src/main/AndroidManifest.xml:24:9-25:20
30-->src/main/AndroidManifest.xml:24:19-94
31        </activity>
32        <activity android:name="com.jingchen.pulltorefresh.activity.PullableListViewActivity" >
32-->src/main/AndroidManifest.xml:26:9-27:20
32-->src/main/AndroidManifest.xml:26:19-94
33        </activity>
34        <activity android:name="com.jingchen.pulltorefresh.activity.PullableScrollViewActivity" >
34-->src/main/AndroidManifest.xml:28:9-29:20
34-->src/main/AndroidManifest.xml:28:19-96
35        </activity>
36        <activity android:name="com.jingchen.pulltorefresh.activity.PullableWebViewActivity" >
36-->src/main/AndroidManifest.xml:30:9-31:20
36-->src/main/AndroidManifest.xml:30:19-93
37        </activity>
38        <activity android:name="com.jingchen.pulltorefresh.activity.PullableImageViewActivity" >
38-->src/main/AndroidManifest.xml:32:9-33:20
38-->src/main/AndroidManifest.xml:32:19-95
39        </activity>
40        <activity android:name="com.jingchen.pulltorefresh.activity.PullableTextViewActivity" >
40-->src/main/AndroidManifest.xml:34:9-35:20
40-->src/main/AndroidManifest.xml:34:19-94
41        </activity>
42    </application>
43
44</manifest>